[2024-10-03 22:45:51,205: INFO: main: welcome to electorals and sysmbols detection project]
[2024-11-09 13:06:42,896: INFO: main: welcome to electorals and sysmbols detection project]
[2024-11-10 12:44:58,637: INFO: common: yaml file: config\config.yaml loaded successfully]
[2024-11-10 12:44:58,641: INFO: common: yaml file: params.yaml loaded successfully]
[2024-11-10 12:45:29,765: INFO: common: yaml file: config\config.yaml loaded successfully]
[2024-11-10 12:45:29,766: INFO: common: yaml file: params.yaml loaded successfully]
[2024-11-10 12:45:32,644: INFO: common: yaml file: config\config.yaml loaded successfully]
[2024-11-10 12:45:32,646: INFO: common: yaml file: params.yaml loaded successfully]
[2024-11-10 12:50:47,445: INFO: common: yaml file: config\config.yaml loaded successfully]
[2024-11-10 12:50:47,446: INFO: common: yaml file: params.yaml loaded successfully]
[2024-11-10 12:53:24,657: INFO: common: yaml file: config\config.yaml loaded successfully]
[2024-11-10 12:53:24,659: INFO: common: yaml file: params.yaml loaded successfully]
[2024-11-10 12:53:24,660: INFO: common: created directory at: artifacts]
[2024-11-10 12:53:24,665: INFO: common: created directory at: artifacts/data_ingestion]
[2024-11-10 12:53:24,666: INFO: 797920417: Downloading data from https://drive.google.com/file/d/1-6haawpnaPTHxclM7WSrxhiO-Vwx2hRG/view?usp=drive_link into file artifacts/data_ingestion/test_data_set.zip]
[2024-11-10 12:53:38,023: INFO: 797920417: Downloaded data from https://drive.google.com/file/d/1-6haawpnaPTHxclM7WSrxhiO-Vwx2hRG/view?usp=drive_link into file artifacts/data_ingestion/test_data_set.zip]
[2024-11-10 13:00:59,899: INFO: common: yaml file: config\config.yaml loaded successfully]
[2024-11-10 13:00:59,901: INFO: common: yaml file: params.yaml loaded successfully]
[2024-11-10 13:00:59,902: INFO: common: created directory at: artifacts]
[2024-11-10 13:00:59,903: INFO: common: created directory at: artifacts/data_ingestion]
[2024-11-10 13:00:59,903: INFO: 1728023487: Downloading data from https://drive.google.com/file/d/1-6haawpnaPTHxclM7WSrxhiO-Vwx2hRG/view?usp=drive_link into file artifacts/data_ingestion/test_data_set.zip]
[2024-11-10 18:36:02,663: INFO: main: >>>>>>> Stage Data Ingestion Stage started <<<<<<<]
[2024-11-10 18:36:02,664: INFO: common: yaml file: config\config.yaml loaded successfully]
[2024-11-10 18:36:02,666: INFO: common: yaml file: params.yaml loaded successfully]
[2024-11-10 18:36:02,667: INFO: common: created directory at: artifacts]
[2024-11-10 18:36:02,667: INFO: common: created directory at: artifacts/data_ingestion]
[2024-11-10 18:36:02,669: INFO: data_ingestion: Downloading data from https://drive.google.com/file/d/1-6haawpnaPTHxclM7WSrxhiO-Vwx2hRG/view?usp=drive_link into file artifacts/data_ingestion/test_data_set.zip]
[2024-11-10 18:36:16,728: INFO: data_ingestion: Downloaded data from https://drive.google.com/file/d/1-6haawpnaPTHxclM7WSrxhiO-Vwx2hRG/view?usp=drive_link into file artifacts/data_ingestion/test_data_set.zip]
[2024-11-10 18:36:19,727: INFO: main: >>>>>>> Stage Data Ingestion Stage completed <<<<<<<

x==================x]
[2024-11-13 02:48:52,067: INFO: main: >>>>>>> Stage Data Ingestion Stage started <<<<<<<]
[2024-11-13 02:48:52,067: INFO: common: yaml file: config\config.yaml loaded successfully]
[2024-11-13 02:48:52,081: INFO: common: yaml file: params.yaml loaded successfully]
[2024-11-13 02:48:52,082: INFO: common: created directory at: artifacts]
[2024-11-13 02:48:52,082: INFO: common: created directory at: artifacts/data_ingestion]
[2024-11-13 02:48:52,082: INFO: data_ingestion: Downloading data from https://drive.google.com/file/d/1-6haawpnaPTHxclM7WSrxhiO-Vwx2hRG/view?usp=drive_link into file artifacts/data_ingestion/test_data_set.zip]
[2024-11-13 02:49:05,256: INFO: data_ingestion: Downloaded data from https://drive.google.com/file/d/1-6haawpnaPTHxclM7WSrxhiO-Vwx2hRG/view?usp=drive_link into file artifacts/data_ingestion/test_data_set.zip]
[2024-11-13 02:49:06,159: INFO: main: >>>>>>> Stage Data Ingestion Stage completed <<<<<<<
x==================x]
[2024-11-16 14:39:39,095: INFO: common: yaml file: config\config.yaml loaded successfully]
[2024-11-16 14:39:39,111: INFO: common: yaml file: params.yaml loaded successfully]
[2024-11-16 14:39:39,113: INFO: common: created directory at: artifacts]
[2024-11-16 14:41:27,380: INFO: common: yaml file: config\config.yaml loaded successfully]
[2024-11-16 14:41:27,381: INFO: common: yaml file: params.yaml loaded successfully]
[2024-11-16 14:41:27,382: INFO: common: created directory at: artifacts]
[2024-11-16 15:33:02,745: INFO: common: yaml file: config\config.yaml loaded successfully]
[2024-11-16 15:33:02,747: INFO: common: yaml file: params.yaml loaded successfully]
[2024-11-16 15:33:02,748: INFO: common: created directory at: artifacts]
[2024-11-16 15:34:01,003: INFO: common: yaml file: config\config.yaml loaded successfully]
[2024-11-16 15:34:01,005: INFO: common: yaml file: params.yaml loaded successfully]
[2024-11-16 15:34:01,006: INFO: common: created directory at: artifacts]
[2024-11-16 15:34:03,799: INFO: common: yaml file: config\config.yaml loaded successfully]
[2024-11-16 15:34:03,801: INFO: common: yaml file: params.yaml loaded successfully]
[2024-11-16 15:34:03,802: INFO: common: created directory at: artifacts]
[2024-11-16 15:36:43,933: INFO: common: yaml file: config\config.yaml loaded successfully]
[2024-11-16 15:36:43,936: INFO: common: yaml file: params.yaml loaded successfully]
[2024-11-16 15:36:43,937: INFO: common: created directory at: artifacts]
[2024-11-16 15:41:40,861: INFO: common: yaml file: config\config.yaml loaded successfully]
[2024-11-16 15:41:40,866: INFO: common: yaml file: params.yaml loaded successfully]
[2024-11-16 15:41:40,867: INFO: common: created directory at: artifacts]
[2024-11-16 15:46:03,108: INFO: common: yaml file: config\config.yaml loaded successfully]
[2024-11-16 15:46:03,111: INFO: common: yaml file: params.yaml loaded successfully]
[2024-11-16 15:46:03,113: INFO: common: created directory at: artifacts]
[2024-11-16 15:59:34,211: INFO: common: yaml file: config\config.yaml loaded successfully]
[2024-11-16 15:59:34,224: INFO: common: yaml file: params.yaml loaded successfully]
[2024-11-16 15:59:34,225: INFO: common: created directory at: artifacts]
[2024-11-16 16:05:20,428: INFO: common: yaml file: config\config.yaml loaded successfully]
[2024-11-16 16:05:20,431: INFO: common: yaml file: params.yaml loaded successfully]
[2024-11-16 16:05:20,432: INFO: common: created directory at: artifacts]
[2024-11-16 16:10:47,124: INFO: common: yaml file: config\config.yaml loaded successfully]
[2024-11-16 16:10:47,127: INFO: common: yaml file: params.yaml loaded successfully]
[2024-11-16 16:10:47,129: INFO: common: created directory at: artifacts]
[2024-11-16 16:18:41,663: INFO: common: yaml file: config\config.yaml loaded successfully]
[2024-11-16 16:18:41,665: INFO: common: yaml file: params.yaml loaded successfully]
[2024-11-16 16:18:41,666: INFO: common: created directory at: artifacts]
[2024-11-16 16:19:00,949: INFO: common: yaml file: config\config.yaml loaded successfully]
[2024-11-16 16:19:00,949: INFO: common: yaml file: params.yaml loaded successfully]
[2024-11-16 16:19:00,949: INFO: common: created directory at: artifacts]
[2024-11-16 16:19:11,557: INFO: common: yaml file: config\config.yaml loaded successfully]
[2024-11-16 16:19:11,560: INFO: common: yaml file: params.yaml loaded successfully]
[2024-11-16 16:19:11,562: INFO: common: created directory at: artifacts]
[2024-11-16 16:20:41,422: INFO: common: yaml file: config\config.yaml loaded successfully]
[2024-11-16 16:20:41,426: INFO: common: yaml file: params.yaml loaded successfully]
[2024-11-16 16:20:41,428: INFO: common: created directory at: artifacts]
[2024-11-16 16:25:06,584: INFO: common: yaml file: config\config.yaml loaded successfully]
[2024-11-16 16:25:06,584: INFO: common: yaml file: params.yaml loaded successfully]
[2024-11-16 16:25:06,595: INFO: common: created directory at: artifacts]
[2024-11-16 16:25:18,025: INFO: common: yaml file: config\config.yaml loaded successfully]
[2024-11-16 16:25:18,029: INFO: common: yaml file: params.yaml loaded successfully]
[2024-11-16 16:25:18,030: INFO: common: created directory at: artifacts]
[2024-11-16 16:30:00,847: INFO: common: yaml file: config\config.yaml loaded successfully]
[2024-11-16 16:30:00,849: INFO: common: yaml file: params.yaml loaded successfully]
[2024-11-16 16:30:00,851: INFO: common: created directory at: artifacts]
[2024-11-16 16:31:03,996: INFO: common: yaml file: config\config.yaml loaded successfully]
[2024-11-16 16:31:04,006: INFO: common: yaml file: params.yaml loaded successfully]
[2024-11-16 16:31:04,007: INFO: common: created directory at: artifacts]
[2024-11-17 12:08:13,138: INFO: font_manager: generated new fontManager]
[2024-11-17 14:12:51,734: INFO: common: yaml file: config\config.yaml loaded successfully]
[2024-11-17 14:12:51,744: INFO: common: yaml file: params.yaml loaded successfully]
[2024-11-17 14:12:51,745: INFO: common: created directory at: artifacts]
[2024-11-17 15:39:24,116: INFO: common: yaml file: config\config.yaml loaded successfully]
[2024-11-17 15:39:24,118: INFO: common: yaml file: params.yaml loaded successfully]
[2024-11-17 15:39:24,122: INFO: common: created directory at: artifacts]
[2024-11-17 15:40:25,008: INFO: common: yaml file: config\config.yaml loaded successfully]
[2024-11-17 15:40:25,013: INFO: common: yaml file: params.yaml loaded successfully]
[2024-11-17 15:40:25,013: INFO: common: created directory at: artifacts]
[2024-11-17 15:40:34,747: INFO: common: yaml file: config\config.yaml loaded successfully]
[2024-11-17 15:40:34,749: INFO: common: yaml file: params.yaml loaded successfully]
[2024-11-17 15:40:34,749: INFO: common: created directory at: artifacts]
[2024-11-17 15:41:19,506: INFO: common: yaml file: config\config.yaml loaded successfully]
[2024-11-17 15:41:19,509: INFO: common: yaml file: params.yaml loaded successfully]
[2024-11-17 15:41:19,509: INFO: common: created directory at: artifacts]
[2024-11-17 17:04:48,233: INFO: common: yaml file: config\config.yaml loaded successfully]
[2024-11-17 17:04:48,237: INFO: common: yaml file: params.yaml loaded successfully]
[2024-11-17 17:04:48,239: INFO: common: created directory at: artifacts]
[2024-11-17 17:31:14,094: INFO: common: yaml file: config\config.yaml loaded successfully]
[2024-11-17 17:31:14,096: INFO: common: yaml file: params.yaml loaded successfully]
[2024-11-17 17:31:14,097: INFO: common: created directory at: artifacts]
[2024-11-17 19:25:59,139: INFO: common: yaml file: config\config.yaml loaded successfully]
[2024-11-17 19:25:59,147: INFO: common: yaml file: params.yaml loaded successfully]
[2024-11-17 19:25:59,149: INFO: common: created directory at: artifacts]
[2024-11-17 19:30:30,633: INFO: common: yaml file: config\config.yaml loaded successfully]
[2024-11-17 19:30:30,636: INFO: common: yaml file: params.yaml loaded successfully]
[2024-11-17 19:30:30,637: INFO: common: created directory at: artifacts]
[2024-11-17 21:01:41,105: INFO: common: yaml file: config\config.yaml loaded successfully]
[2024-11-17 21:01:41,107: INFO: common: yaml file: params.yaml loaded successfully]
[2024-11-17 21:01:41,109: INFO: common: created directory at: artifacts]
[2024-11-17 21:56:26,097: INFO: common: yaml file: config\config.yaml loaded successfully]
[2024-11-17 21:56:26,099: INFO: common: yaml file: params.yaml loaded successfully]
[2024-11-17 21:56:26,101: INFO: common: created directory at: artifacts]
[2024-11-17 22:40:38,570: INFO: common: yaml file: config\config.yaml loaded successfully]
[2024-11-17 22:40:38,573: INFO: common: yaml file: params.yaml loaded successfully]
[2024-11-17 22:40:38,575: INFO: common: created directory at: artifacts]
[2024-11-18 08:26:09,415: INFO: common: yaml file: config\config.yaml loaded successfully]
[2024-11-18 08:26:09,423: INFO: common: yaml file: params.yaml loaded successfully]
[2024-11-18 08:26:09,425: INFO: common: created directory at: artifacts]
[2024-11-18 14:53:22,127: INFO: common: yaml file: config\config.yaml loaded successfully]
[2024-11-18 14:53:22,140: INFO: common: yaml file: params.yaml loaded successfully]
[2024-11-18 14:53:22,140: INFO: common: created directory at: artifacts]
[2024-11-18 15:03:24,513: INFO: common: yaml file: config\config.yaml loaded successfully]
[2024-11-18 15:03:24,517: INFO: common: yaml file: params.yaml loaded successfully]
[2024-11-18 15:03:24,519: INFO: common: created directory at: artifacts]
[2024-11-18 15:03:41,327: INFO: common: yaml file: config\config.yaml loaded successfully]
[2024-11-18 15:03:41,330: INFO: common: yaml file: params.yaml loaded successfully]
[2024-11-18 15:03:41,334: INFO: common: created directory at: artifacts]
[2024-11-18 15:05:27,329: INFO: common: yaml file: config\config.yaml loaded successfully]
[2024-11-18 15:05:27,335: INFO: common: yaml file: params.yaml loaded successfully]
[2024-11-18 15:05:27,336: INFO: common: created directory at: artifacts]
[2024-11-18 15:06:55,812: INFO: common: yaml file: config\config.yaml loaded successfully]
[2024-11-18 15:06:55,816: INFO: common: yaml file: params.yaml loaded successfully]
[2024-11-18 15:06:55,817: INFO: common: created directory at: artifacts]
[2024-11-18 15:09:17,594: INFO: common: yaml file: config\config.yaml loaded successfully]
[2024-11-18 15:09:17,599: INFO: common: yaml file: params.yaml loaded successfully]
[2024-11-18 15:09:17,600: INFO: common: created directory at: artifacts]
[2024-11-18 15:09:51,565: INFO: common: yaml file: config\config.yaml loaded successfully]
[2024-11-18 15:09:51,570: INFO: common: yaml file: params.yaml loaded successfully]
[2024-11-18 15:09:51,571: INFO: common: created directory at: artifacts]
[2024-11-18 15:13:32,406: INFO: common: yaml file: config\config.yaml loaded successfully]
[2024-11-18 15:13:32,410: INFO: common: yaml file: params.yaml loaded successfully]
[2024-11-18 15:13:32,411: INFO: common: created directory at: artifacts]
[2024-11-18 15:13:56,281: INFO: common: yaml file: config\config.yaml loaded successfully]
[2024-11-18 15:13:56,285: INFO: common: yaml file: params.yaml loaded successfully]
[2024-11-18 15:13:56,288: INFO: common: created directory at: artifacts]
[2024-11-18 15:15:08,933: INFO: common: yaml file: config\config.yaml loaded successfully]
[2024-11-18 15:15:08,936: INFO: common: yaml file: params.yaml loaded successfully]
[2024-11-18 15:15:08,936: INFO: common: created directory at: artifacts]
[2024-11-18 15:15:41,386: INFO: common: yaml file: config\config.yaml loaded successfully]
[2024-11-18 15:15:41,386: INFO: common: yaml file: params.yaml loaded successfully]
[2024-11-18 15:15:41,390: INFO: common: created directory at: artifacts]
[2024-11-18 15:15:50,710: INFO: common: yaml file: config\config.yaml loaded successfully]
[2024-11-18 15:15:50,712: INFO: common: yaml file: params.yaml loaded successfully]
[2024-11-18 15:15:50,716: INFO: common: created directory at: artifacts]
[2024-11-18 15:15:56,889: INFO: common: yaml file: config\config.yaml loaded successfully]
[2024-11-18 15:15:56,893: INFO: common: yaml file: params.yaml loaded successfully]
[2024-11-18 15:15:56,896: INFO: common: created directory at: artifacts]
[2024-11-18 15:17:02,070: INFO: common: yaml file: config\config.yaml loaded successfully]
[2024-11-18 15:17:02,073: INFO: common: yaml file: params.yaml loaded successfully]
[2024-11-18 15:17:02,076: INFO: common: created directory at: artifacts]
[2024-11-18 15:17:34,869: INFO: common: yaml file: config\config.yaml loaded successfully]
[2024-11-18 15:17:34,872: INFO: common: yaml file: params.yaml loaded successfully]
[2024-11-18 15:17:34,872: INFO: common: created directory at: artifacts]
[2024-11-18 15:18:54,413: INFO: common: yaml file: config\config.yaml loaded successfully]
[2024-11-18 15:18:54,417: INFO: common: yaml file: params.yaml loaded successfully]
[2024-11-18 15:18:54,418: INFO: common: created directory at: artifacts]
[2024-11-18 15:19:24,212: INFO: common: yaml file: config\config.yaml loaded successfully]
[2024-11-18 15:19:24,216: INFO: common: yaml file: params.yaml loaded successfully]
[2024-11-18 15:19:24,218: INFO: common: created directory at: artifacts]
[2024-11-18 15:20:09,270: INFO: common: yaml file: config\config.yaml loaded successfully]
[2024-11-18 15:20:09,273: INFO: common: yaml file: params.yaml loaded successfully]
[2024-11-18 15:20:09,273: INFO: common: created directory at: artifacts]
[2024-11-18 15:20:58,026: INFO: common: yaml file: config\config.yaml loaded successfully]
[2024-11-18 15:20:58,030: INFO: common: yaml file: params.yaml loaded successfully]
[2024-11-18 15:20:58,031: INFO: common: created directory at: artifacts]
[2024-11-18 15:22:45,400: INFO: common: yaml file: config\config.yaml loaded successfully]
[2024-11-18 15:22:45,405: INFO: common: yaml file: params.yaml loaded successfully]
[2024-11-18 15:22:45,409: INFO: common: created directory at: artifacts]
[2024-11-18 15:23:07,571: INFO: common: yaml file: config\config.yaml loaded successfully]
[2024-11-18 15:23:07,575: INFO: common: yaml file: params.yaml loaded successfully]
[2024-11-18 15:23:07,577: INFO: common: created directory at: artifacts]
[2024-11-18 15:24:11,366: INFO: common: yaml file: config\config.yaml loaded successfully]
[2024-11-18 15:24:11,370: INFO: common: yaml file: params.yaml loaded successfully]
[2024-11-18 15:24:11,370: INFO: common: created directory at: artifacts]
[2024-11-18 15:24:21,261: INFO: common: yaml file: config\config.yaml loaded successfully]
[2024-11-18 15:24:21,262: INFO: common: yaml file: params.yaml loaded successfully]
[2024-11-18 15:24:21,266: INFO: common: created directory at: artifacts]
[2024-11-18 15:24:46,012: INFO: common: yaml file: config\config.yaml loaded successfully]
[2024-11-18 15:24:46,018: INFO: common: yaml file: params.yaml loaded successfully]
[2024-11-18 15:24:46,020: INFO: common: created directory at: artifacts]
[2024-11-18 15:25:58,679: INFO: common: yaml file: config\config.yaml loaded successfully]
[2024-11-18 15:25:58,682: INFO: common: yaml file: params.yaml loaded successfully]
[2024-11-18 15:25:58,685: INFO: common: created directory at: artifacts]
[2024-11-18 15:26:23,504: INFO: common: yaml file: config\config.yaml loaded successfully]
[2024-11-18 15:26:23,509: INFO: common: yaml file: params.yaml loaded successfully]
[2024-11-18 15:26:23,511: INFO: common: created directory at: artifacts]
[2024-11-18 15:26:54,577: INFO: common: yaml file: config\config.yaml loaded successfully]
[2024-11-18 15:26:54,584: INFO: common: yaml file: params.yaml loaded successfully]
[2024-11-18 15:26:54,585: INFO: common: created directory at: artifacts]
[2024-11-18 15:28:30,379: INFO: common: yaml file: config\config.yaml loaded successfully]
[2024-11-18 15:28:30,379: INFO: common: yaml file: params.yaml loaded successfully]
[2024-11-18 15:28:30,384: INFO: common: created directory at: artifacts]
[2024-11-18 15:28:43,837: INFO: common: yaml file: config\config.yaml loaded successfully]
[2024-11-18 15:28:43,843: INFO: common: yaml file: params.yaml loaded successfully]
[2024-11-18 15:28:43,844: INFO: common: created directory at: artifacts]
[2024-11-18 15:28:52,294: INFO: common: yaml file: config\config.yaml loaded successfully]
[2024-11-18 15:28:52,299: INFO: common: yaml file: params.yaml loaded successfully]
[2024-11-18 15:28:52,300: INFO: common: created directory at: artifacts]
[2024-11-18 15:29:02,638: INFO: common: yaml file: config\config.yaml loaded successfully]
[2024-11-18 15:29:02,641: INFO: common: yaml file: params.yaml loaded successfully]
[2024-11-18 15:29:02,643: INFO: common: created directory at: artifacts]
[2024-11-18 15:30:26,845: INFO: common: yaml file: config\config.yaml loaded successfully]
[2024-11-18 15:30:26,849: INFO: common: yaml file: params.yaml loaded successfully]
[2024-11-18 15:30:26,849: INFO: common: created directory at: artifacts]
[2024-11-18 15:38:49,652: INFO: common: yaml file: config\config.yaml loaded successfully]
[2024-11-18 15:38:49,655: INFO: common: yaml file: params.yaml loaded successfully]
[2024-11-18 15:38:49,656: INFO: common: created directory at: artifacts]
[2024-11-18 15:49:23,856: INFO: common: yaml file: config\config.yaml loaded successfully]
[2024-11-18 15:49:23,858: INFO: common: yaml file: params.yaml loaded successfully]
[2024-11-18 15:49:23,860: INFO: common: created directory at: artifacts]
[2024-11-18 16:48:22,234: INFO: common: yaml file: config\config.yaml loaded successfully]
[2024-11-18 16:48:22,237: INFO: common: yaml file: params.yaml loaded successfully]
[2024-11-18 16:48:22,239: INFO: common: created directory at: artifacts]
[2024-11-18 16:48:40,527: INFO: common: yaml file: config\config.yaml loaded successfully]
[2024-11-18 16:48:40,527: INFO: common: yaml file: params.yaml loaded successfully]
[2024-11-18 16:48:40,527: INFO: common: created directory at: artifacts]
[2024-11-18 16:49:31,422: INFO: common: yaml file: config\config.yaml loaded successfully]
[2024-11-18 16:49:31,425: INFO: common: yaml file: params.yaml loaded successfully]
[2024-11-18 16:49:31,426: INFO: common: created directory at: artifacts]
[2024-11-18 16:51:51,377: INFO: common: yaml file: config\config.yaml loaded successfully]
[2024-11-18 16:51:51,381: INFO: common: yaml file: params.yaml loaded successfully]
[2024-11-18 16:51:51,382: INFO: common: created directory at: artifacts]
[2024-11-18 16:52:03,960: INFO: common: yaml file: config\config.yaml loaded successfully]
[2024-11-18 16:52:03,960: INFO: common: yaml file: params.yaml loaded successfully]
[2024-11-18 16:52:03,960: INFO: common: created directory at: artifacts]
[2024-11-18 16:52:21,198: INFO: common: yaml file: config\config.yaml loaded successfully]
[2024-11-18 16:52:21,200: INFO: common: yaml file: params.yaml loaded successfully]
[2024-11-18 16:52:21,202: INFO: common: created directory at: artifacts]
[2024-11-18 16:52:49,074: INFO: common: yaml file: config\config.yaml loaded successfully]
[2024-11-18 16:52:49,077: INFO: common: yaml file: params.yaml loaded successfully]
[2024-11-18 16:52:49,079: INFO: common: created directory at: artifacts]
[2024-11-18 16:52:56,580: INFO: common: yaml file: config\config.yaml loaded successfully]
[2024-11-18 16:52:56,582: INFO: common: yaml file: params.yaml loaded successfully]
[2024-11-18 16:52:56,582: INFO: common: created directory at: artifacts]
[2024-11-18 16:53:06,820: INFO: common: yaml file: config\config.yaml loaded successfully]
[2024-11-18 16:53:06,822: INFO: common: yaml file: params.yaml loaded successfully]
[2024-11-18 16:53:06,823: INFO: common: created directory at: artifacts]
[2024-11-18 16:55:59,884: INFO: common: yaml file: config\config.yaml loaded successfully]
[2024-11-18 16:55:59,888: INFO: common: yaml file: params.yaml loaded successfully]
[2024-11-18 16:55:59,890: INFO: common: created directory at: artifacts]
[2024-11-18 16:56:11,702: INFO: common: yaml file: config\config.yaml loaded successfully]
[2024-11-18 16:56:11,702: INFO: common: yaml file: params.yaml loaded successfully]
[2024-11-18 16:56:11,702: INFO: common: created directory at: artifacts]
[2024-11-18 16:56:24,656: INFO: common: yaml file: config\config.yaml loaded successfully]
[2024-11-18 16:56:24,660: INFO: common: yaml file: params.yaml loaded successfully]
[2024-11-18 16:56:24,660: INFO: common: created directory at: artifacts]
[2024-11-18 16:56:53,795: INFO: common: yaml file: config\config.yaml loaded successfully]
[2024-11-18 16:56:53,797: INFO: common: yaml file: params.yaml loaded successfully]
[2024-11-18 16:56:53,798: INFO: common: created directory at: artifacts]
[2024-11-18 17:09:56,969: INFO: common: yaml file: config\config.yaml loaded successfully]
[2024-11-18 17:09:56,972: INFO: common: yaml file: params.yaml loaded successfully]
[2024-11-18 17:09:56,973: INFO: common: created directory at: artifacts]
[2024-11-18 17:10:45,091: INFO: common: yaml file: config\config.yaml loaded successfully]
[2024-11-18 17:10:45,093: INFO: common: yaml file: params.yaml loaded successfully]
[2024-11-18 17:10:45,095: INFO: common: created directory at: artifacts]
[2024-11-18 17:13:19,818: INFO: common: yaml file: config\config.yaml loaded successfully]
[2024-11-18 17:13:19,821: INFO: common: yaml file: params.yaml loaded successfully]
[2024-11-18 17:13:19,821: INFO: common: created directory at: artifacts]
[2024-11-18 17:15:47,763: INFO: common: yaml file: config\config.yaml loaded successfully]
[2024-11-18 17:15:47,765: INFO: common: yaml file: params.yaml loaded successfully]
[2024-11-18 17:15:47,766: INFO: common: created directory at: artifacts]
[2024-11-18 17:18:59,647: INFO: common: yaml file: config\config.yaml loaded successfully]
[2024-11-18 17:18:59,649: INFO: common: yaml file: params.yaml loaded successfully]
[2024-11-18 17:18:59,651: INFO: common: created directory at: artifacts]
[2024-11-18 17:19:42,927: INFO: common: yaml file: config\config.yaml loaded successfully]
[2024-11-18 17:19:42,929: INFO: common: yaml file: params.yaml loaded successfully]
[2024-11-18 17:19:42,931: INFO: common: created directory at: artifacts]
[2024-11-18 17:20:30,192: INFO: common: yaml file: config\config.yaml loaded successfully]
[2024-11-18 17:20:30,195: INFO: common: yaml file: params.yaml loaded successfully]
[2024-11-18 17:20:30,196: INFO: common: created directory at: artifacts]
[2024-11-18 17:21:00,366: INFO: common: yaml file: config\config.yaml loaded successfully]
[2024-11-18 17:21:00,369: INFO: common: yaml file: params.yaml loaded successfully]
[2024-11-18 17:21:00,370: INFO: common: created directory at: artifacts]
[2024-11-18 17:21:27,876: INFO: common: yaml file: config\config.yaml loaded successfully]
[2024-11-18 17:21:27,879: INFO: common: yaml file: params.yaml loaded successfully]
[2024-11-18 17:21:27,880: INFO: common: created directory at: artifacts]
[2024-11-18 17:21:35,114: INFO: common: yaml file: config\config.yaml loaded successfully]
[2024-11-18 17:21:35,116: INFO: common: yaml file: params.yaml loaded successfully]
[2024-11-18 17:21:35,118: INFO: common: created directory at: artifacts]
[2024-11-18 17:22:47,231: INFO: common: yaml file: config\config.yaml loaded successfully]
[2024-11-18 17:22:47,233: INFO: common: yaml file: params.yaml loaded successfully]
[2024-11-18 17:22:47,233: INFO: common: created directory at: artifacts]
[2024-11-18 17:22:56,586: INFO: common: yaml file: config\config.yaml loaded successfully]
[2024-11-18 17:22:56,589: INFO: common: yaml file: params.yaml loaded successfully]
[2024-11-18 17:22:56,589: INFO: common: created directory at: artifacts]
[2024-11-18 17:25:28,927: INFO: common: yaml file: config\config.yaml loaded successfully]
[2024-11-18 17:25:28,930: INFO: common: yaml file: params.yaml loaded successfully]
[2024-11-18 17:25:28,930: INFO: common: created directory at: artifacts]
[2024-11-18 17:30:35,397: INFO: common: yaml file: config\config.yaml loaded successfully]
[2024-11-18 17:30:35,397: INFO: common: yaml file: params.yaml loaded successfully]
[2024-11-18 17:30:35,404: INFO: common: created directory at: artifacts]
[2024-11-18 17:31:05,481: INFO: common: yaml file: config\config.yaml loaded successfully]
[2024-11-18 17:31:05,483: INFO: common: yaml file: params.yaml loaded successfully]
[2024-11-18 17:31:05,485: INFO: common: created directory at: artifacts]
[2024-11-18 17:33:48,139: INFO: common: yaml file: config\config.yaml loaded successfully]
[2024-11-18 17:33:48,144: INFO: common: yaml file: params.yaml loaded successfully]
[2024-11-18 17:33:48,147: INFO: common: created directory at: artifacts]
[2024-11-18 17:34:24,152: INFO: common: yaml file: config\config.yaml loaded successfully]
[2024-11-18 17:34:24,155: INFO: common: yaml file: params.yaml loaded successfully]
[2024-11-18 17:34:24,156: INFO: common: created directory at: artifacts]
[2024-11-18 17:35:16,933: INFO: common: yaml file: config\config.yaml loaded successfully]
[2024-11-18 17:35:16,936: INFO: common: yaml file: params.yaml loaded successfully]
[2024-11-18 17:35:16,937: INFO: common: created directory at: artifacts]
[2024-11-18 17:35:38,848: INFO: common: yaml file: config\config.yaml loaded successfully]
[2024-11-18 17:35:38,853: INFO: common: yaml file: params.yaml loaded successfully]
[2024-11-18 17:35:38,856: INFO: common: created directory at: artifacts]
[2024-11-18 17:38:39,074: INFO: common: yaml file: config\config.yaml loaded successfully]
[2024-11-18 17:38:39,078: INFO: common: yaml file: params.yaml loaded successfully]
[2024-11-18 17:38:39,080: INFO: common: created directory at: artifacts]
[2024-11-18 17:38:55,432: INFO: common: yaml file: config\config.yaml loaded successfully]
[2024-11-18 17:38:55,432: INFO: common: yaml file: params.yaml loaded successfully]
[2024-11-18 17:38:55,432: INFO: common: created directory at: artifacts]
[2024-11-18 17:56:27,523: INFO: common: yaml file: config\config.yaml loaded successfully]
[2024-11-18 17:56:27,526: INFO: common: yaml file: params.yaml loaded successfully]
[2024-11-18 17:56:27,527: INFO: common: created directory at: artifacts]
[2024-11-18 17:58:38,392: INFO: common: yaml file: config\config.yaml loaded successfully]
[2024-11-18 17:58:38,396: INFO: common: yaml file: params.yaml loaded successfully]
[2024-11-18 17:58:38,396: INFO: common: created directory at: artifacts]
[2024-11-18 17:58:51,673: INFO: common: yaml file: config\config.yaml loaded successfully]
[2024-11-18 17:58:51,676: INFO: common: yaml file: params.yaml loaded successfully]
[2024-11-18 17:58:51,676: INFO: common: created directory at: artifacts]
[2024-11-18 17:59:11,890: INFO: common: yaml file: config\config.yaml loaded successfully]
[2024-11-18 17:59:11,890: INFO: common: yaml file: params.yaml loaded successfully]
[2024-11-18 17:59:11,890: INFO: common: created directory at: artifacts]
[2024-11-18 17:59:55,679: INFO: common: yaml file: config\config.yaml loaded successfully]
[2024-11-18 17:59:55,683: INFO: common: yaml file: params.yaml loaded successfully]
[2024-11-18 17:59:55,685: INFO: common: created directory at: artifacts]
[2024-11-18 18:11:07,553: INFO: common: yaml file: config\config.yaml loaded successfully]
[2024-11-18 18:11:07,556: INFO: common: yaml file: params.yaml loaded successfully]
[2024-11-18 18:11:07,557: INFO: common: created directory at: artifacts]
[2024-11-18 18:11:32,573: INFO: common: yaml file: config\config.yaml loaded successfully]
[2024-11-18 18:11:32,576: INFO: common: yaml file: params.yaml loaded successfully]
[2024-11-18 18:11:32,577: INFO: common: created directory at: artifacts]
[2024-11-18 18:12:30,429: INFO: common: yaml file: config\config.yaml loaded successfully]
[2024-11-18 18:12:30,432: INFO: common: yaml file: params.yaml loaded successfully]
[2024-11-18 18:12:30,433: INFO: common: created directory at: artifacts]
[2024-11-18 18:16:11,311: INFO: common: yaml file: config\config.yaml loaded successfully]
[2024-11-18 18:16:11,313: INFO: common: yaml file: params.yaml loaded successfully]
[2024-11-18 18:16:11,314: INFO: common: created directory at: artifacts]
[2024-11-18 18:39:27,987: INFO: common: yaml file: config\config.yaml loaded successfully]
[2024-11-18 18:39:27,991: INFO: common: yaml file: params.yaml loaded successfully]
[2024-11-18 18:39:27,993: INFO: common: created directory at: artifacts]
[2024-11-18 18:41:25,046: INFO: common: yaml file: config\config.yaml loaded successfully]
[2024-11-18 18:41:25,049: INFO: common: yaml file: params.yaml loaded successfully]
[2024-11-18 18:41:25,050: INFO: common: created directory at: artifacts]
[2024-11-18 18:45:12,708: INFO: common: yaml file: config\config.yaml loaded successfully]
[2024-11-18 18:45:12,708: INFO: common: yaml file: params.yaml loaded successfully]
[2024-11-18 18:45:12,713: INFO: common: created directory at: artifacts]
[2024-11-18 19:13:35,258: INFO: common: yaml file: config\config.yaml loaded successfully]
[2024-11-18 19:13:35,271: INFO: common: yaml file: params.yaml loaded successfully]
[2024-11-18 19:13:35,271: INFO: common: created directory at: artifacts]
[2024-11-18 19:43:19,380: INFO: common: yaml file: config\config.yaml loaded successfully]
[2024-11-18 19:43:19,384: INFO: common: yaml file: params.yaml loaded successfully]
[2024-11-18 19:43:19,385: INFO: common: created directory at: artifacts]
[2024-11-18 19:53:00,079: INFO: common: yaml file: config\config.yaml loaded successfully]
[2024-11-18 19:53:00,085: INFO: common: yaml file: params.yaml loaded successfully]
[2024-11-18 19:53:00,087: INFO: common: created directory at: artifacts]
[2024-11-18 21:32:29,889: INFO: common: yaml file: config\config.yaml loaded successfully]
[2024-11-18 21:32:29,889: INFO: common: yaml file: params.yaml loaded successfully]
[2024-11-18 21:32:29,889: INFO: common: created directory at: artifacts]
